<?xml version="1.0" encoding="UTF-8"?>
<testsuite xmlns:xsi="http://www.w3.org/2001/XMLSchema-instance" xsi:noNamespaceSchemaLocation="https://maven.apache.org/surefire/maven-surefire-plugin/xsd/surefire-test-report.xsd" name="com.PubLibrary.runners.CukesRunner" time="52.808" tests="6" errors="0" skipped="0" failures="0">
  <properties>
[...]
</properties>
  <testcase name="Login as a librarian" classname="smoketest" time="10.177"/>
  <testcase name="Login as a student" classname="smoketest" time="8.191"/>
  <testcase name="UnAuthorized users should not be able to login to the application" classname="smoketest" time="9.61"/>
  <testcase name="UnAuthorized users should not be able to login to the application" classname="smoketest" time="8.453"/>
  <testcase name="Librarian users should be able to add books" classname="smoketest" time="7.002"/>
  <testcase name="User should be able to logout" classname="smoketest" time="8.758"/>
</testsuite>